c:\users\bill\desktop\bunnkia\sfml-bunnkia\debug\sfml-bunnkia.pch
c:\users\bill\desktop\bunnkia\sfml-bunnkia\debug\vc142.pdb
c:\users\bill\desktop\bunnkia\sfml-bunnkia\debug\vc142.idb
c:\users\bill\desktop\bunnkia\sfml-bunnkia\debug\stdafx.obj
c:\users\bill\desktop\bunnkia\sfml-bunnkia\debug\tilemap.obj
c:\users\bill\desktop\bunnkia\sfml-bunnkia\debug\tile.obj
c:\users\bill\desktop\bunnkia\sfml-bunnkia\debug\state.obj
c:\users\bill\desktop\bunnkia\sfml-bunnkia\debug\settingsstate.obj
c:\users\bill\desktop\bunnkia\sfml-bunnkia\debug\player.obj
c:\users\bill\desktop\bunnkia\sfml-bunnkia\debug\pausemenu.obj
c:\users\bill\desktop\bunnkia\sfml-bunnkia\debug\movementcomponent.obj
c:\users\bill\desktop\bunnkia\sfml-bunnkia\debug\mainmenustate.obj
c:\users\bill\desktop\bunnkia\sfml-bunnkia\debug\main.obj
c:\users\bill\desktop\bunnkia\sfml-bunnkia\debug\hitboxcomponent.obj
c:\users\bill\desktop\bunnkia\sfml-bunnkia\debug\gamestate.obj
c:\users\bill\desktop\bunnkia\sfml-bunnkia\debug\game.obj
c:\users\bill\desktop\bunnkia\sfml-bunnkia\debug\entity.obj
c:\users\bill\desktop\bunnkia\sfml-bunnkia\debug\editorstate.obj
c:\users\bill\desktop\bunnkia\sfml-bunnkia\debug\gui.obj
c:\users\bill\desktop\bunnkia\sfml-bunnkia\debug\graphicssettings.obj
c:\users\bill\desktop\bunnkia\sfml-bunnkia\debug\animationcomponent.obj
c:\users\bill\desktop\bunnkia\sfml-bunnkia\debug\sfml-bunnkia.exe
c:\users\bill\desktop\bunnkia\sfml-bunnkia\debug\sfml-bunnkia.ilk
c:\users\bill\desktop\bunnkia\sfml-bunnkia\debug\sfml-bunnkia.pdb
c:\users\bill\desktop\bunnkia\sfml-bunnkia\debug\sfml-bunnkia.tlog\cl.command.1.tlog
c:\users\bill\desktop\bunnkia\sfml-bunnkia\debug\sfml-bunnkia.tlog\cl.read.1.tlog
c:\users\bill\desktop\bunnkia\sfml-bunnkia\debug\sfml-bunnkia.tlog\cl.write.1.tlog
c:\users\bill\desktop\bunnkia\sfml-bunnkia\debug\sfml-bunnkia.tlog\link.command.1.tlog
c:\users\bill\desktop\bunnkia\sfml-bunnkia\debug\sfml-bunnkia.tlog\link.read.1.tlog
c:\users\bill\desktop\bunnkia\sfml-bunnkia\debug\sfml-bunnkia.tlog\link.write.1.tlog
