  Button.cpp
  Entity.cpp
  Game.cpp
  GameState.cpp
  main.cpp
  MainMenuState.cpp
C:\Users\Bill\Desktop\Bunnkia\SFML-Bunnkia\MainMenuState.cpp(53,57): warning C4244: 'argument': conversion from 'T' to 'T', possible loss of data
          with
          [
              T=unsigned int
          ]
          and
          [
              T=float
          ]
  State.cpp
  Generating code
  Previous IPDB not found, fall back to full compilation.
  All 534 functions were compiled because no usable IPDB/IOBJ from previous compilation was found.
  Finished generating code
  SFML-Bunnkia.vcxproj -> C:\Users\Bill\Desktop\Bunnkia\SFML-Bunnkia\Release\SFML-Bunnkia.exe
