c:\users\bill\desktop\bunnkia\sfml-bunnkia\release\sfml-bunnkia.pch
c:\users\bill\desktop\bunnkia\sfml-bunnkia\release\vc142.pdb
c:\users\bill\desktop\bunnkia\sfml-bunnkia\release\stdafx.obj
c:\users\bill\desktop\bunnkia\sfml-bunnkia\release\tilemap.obj
c:\users\bill\desktop\bunnkia\sfml-bunnkia\release\tile.obj
c:\users\bill\desktop\bunnkia\sfml-bunnkia\release\state.obj
c:\users\bill\desktop\bunnkia\sfml-bunnkia\release\settingsstate.obj
c:\users\bill\desktop\bunnkia\sfml-bunnkia\release\player.obj
c:\users\bill\desktop\bunnkia\sfml-bunnkia\release\pausemenu.obj
c:\users\bill\desktop\bunnkia\sfml-bunnkia\release\movementcomponent.obj
c:\users\bill\desktop\bunnkia\sfml-bunnkia\release\mainmenustate.obj
c:\users\bill\desktop\bunnkia\sfml-bunnkia\release\main.obj
c:\users\bill\desktop\bunnkia\sfml-bunnkia\release\hitboxcomponent.obj
c:\users\bill\desktop\bunnkia\sfml-bunnkia\release\gamestate.obj
c:\users\bill\desktop\bunnkia\sfml-bunnkia\release\game.obj
c:\users\bill\desktop\bunnkia\sfml-bunnkia\release\entity.obj
c:\users\bill\desktop\bunnkia\sfml-bunnkia\release\editorstate.obj
c:\users\bill\desktop\bunnkia\sfml-bunnkia\release\gui.obj
c:\users\bill\desktop\bunnkia\sfml-bunnkia\release\animationcomponent.obj
c:\users\bill\desktop\bunnkia\sfml-bunnkia\release\graphicssettings.obj
c:\users\bill\desktop\bunnkia\sfml-bunnkia\release\sfml-bunnkia.exe
c:\users\bill\desktop\bunnkia\sfml-bunnkia\release\sfml-bunnkia.pdb
c:\users\bill\desktop\bunnkia\sfml-bunnkia\release\sfml-bunnkia.ipdb
c:\users\bill\desktop\bunnkia\sfml-bunnkia\release\sfml-bunnkia.iobj
c:\users\bill\desktop\bunnkia\sfml-bunnkia\release\sfml-bunnkia.tlog\cl.command.1.tlog
c:\users\bill\desktop\bunnkia\sfml-bunnkia\release\sfml-bunnkia.tlog\cl.read.1.tlog
c:\users\bill\desktop\bunnkia\sfml-bunnkia\release\sfml-bunnkia.tlog\cl.write.1.tlog
c:\users\bill\desktop\bunnkia\sfml-bunnkia\release\sfml-bunnkia.tlog\link.command.1.tlog
c:\users\bill\desktop\bunnkia\sfml-bunnkia\release\sfml-bunnkia.tlog\link.read.1.tlog
c:\users\bill\desktop\bunnkia\sfml-bunnkia\release\sfml-bunnkia.tlog\link.write.1.tlog
c:\users\bill\desktop\bunnkia\sfml-bunnkia\release\sfml-bunnkia.tlog\sfml-bunnkia.write.1u.tlog
